\o Program:		@(#)$CDS: libManager version 6.1.8 - CAT37 08/30/2023 13:17 (sjfdcl1037) $
\o Sub version:		sub-version  s342 
\o Arguments:		-mpssession virtuoso27068 -mpshost phoenix 
\o Working Directory:	phoenix:/home/saul/projects/ASKA_DIGITAL/ASKA_DIG/virtuoso
\o 64-bit offsets
\o Qt version: 		5.9.1
\o Log file is "/home/saul/projects/ASKA_DIGITAL/ASKA_DIG/virtuoso/libManager.log".
\o Opening libManager window.
\o MPS virtuoso types registered: 68
\a nrResizeWindow(cdsLibManager list(99 148 1440 648))
\o changeWorkingDir("/home/saul/projects/ASKA_DIGITAL/ASKA_DIG/virtuoso") unnecessary.
\o ddSetForcedLib("") unnecessary.
\o MPS service: map window
\a nrSetCurrentWindow(cdsLibManager)
\o Library Manager customization server connected.
\a nrResizeWindow(cdsLibManager list(99 148 1440 648))
\a nrSetCurrentWindow(cdsLibManager)
\a nrResizeWindow(cdsLibManager list(198 166 1440 648))
\a cdsLibManager->libListBox->value = "ASKA_DIG2"
\a cdsLibManager->libLineEdit->value = "ASKA_DIG2"
\a cdsLibManager->cellListBox->value = "aska_dig"
\a cdsLibManager->cellLineEdit->value = "aska_dig"
\a cdsLibManager->viewListBox->value = "layout"
\a cdsLibManager->viewLineEdit->value = "layout"
\a nrSetCurrentWindow(cdsLibManager)
\a nrSetCurrentWindow(cdsLibManager)
\a nrSetWindowVisibility(cdsLibManager "hide")
\a nrSetWindowVisibility(cdsLibManager "show")
\a nrSetCurrentWindow(cdsLibManager)
\a nrSetCurrentWindow(cdsLibManager)
\a nrSetCurrentWindow(cdsLibManager)
\a cdsLibManager->libListBox->value = "ASKA_DIG"
\a cdsLibManager->libLineEdit->value = "ASKA_DIG"
\a cdsLibManager->cellLineEdit->value = ""
\a cdsLibManager->cellListBox->value = nil
\a cdsLibManager->viewLineEdit->value = ""
\a cdsLibManager->viewListBox->value = nil
\a cdsLibManager->cellListBox->value = "aska_dig"
\a cdsLibManager->cellLineEdit->value = "aska_dig"
\a cdsLibManager->viewListBox->value = "layout"
\a cdsLibManager->viewLineEdit->value = "layout"
\a cdsLibManager->viewLineEdit->value = ""
\a cdsLibManager->viewListBox->value = nil
\a cdsLibManager->viewListBox->value = "layout"
\a cdsLibManager->viewLineEdit->value = "layout"
\a cdsLibManager->cellLineEdit->value = ""
\a cdsLibManager->cellListBox->value = nil
\a cdsLibManager->viewLineEdit->value = ""
\a cdsLibManager->viewListBox->value = nil
\a cdsLibManager->libLineEdit->value = ""
\a cdsLibManager->libListBox->value = nil
\a cdsLibManager->libListBox->value = "ASKA_DIG2"
\a cdsLibManager->libLineEdit->value = "ASKA_DIG2"
\a cdsLibManager->cellListBox->value = "aska_npg"
\a cdsLibManager->cellLineEdit->value = "aska_npg"
\a cdsLibManager->cellListBox->value = "aska_spi"
\a cdsLibManager->cellLineEdit->value = "aska_spi"
\a cdsLibManager->cellListBox->value = "aska_dig"
\a cdsLibManager->cellLineEdit->value = "aska_dig"
\a cdsLibManager->viewListBox->value = "layout"
\a cdsLibManager->viewLineEdit->value = "layout"
\a cdsLibManager->viewListBox->value = "functional"
\a cdsLibManager->viewLineEdit->value = "functional"
\a lmgrLogShowPopup("mainListPopup2" 55 7 2 "functional")
\a cdsLibManager->FileOpenROButton->value = t
\o MPS request: open design readonly
\a nrSetCurrentWindow(cdsLibManager)
\a cdsLibManager->cellListBox->value = "aska_npg"
\a cdsLibManager->cellLineEdit->value = "aska_npg"
\a cdsLibManager->viewLineEdit->value = ""
\a cdsLibManager->viewListBox->value = nil
\a cdsLibManager->viewListBox->value = "functional"
\a cdsLibManager->viewLineEdit->value = "functional"
\a lmgrLogShowPopup("mainListPopup2" 31 13 2 "functional")
\a cdsLibManager->cellListBox->value = "aska_dig"
\a cdsLibManager->cellLineEdit->value = "aska_dig"
\a cdsLibManager->viewLineEdit->value = ""
\a cdsLibManager->viewListBox->value = nil
\a cdsLibManager->viewListBox->value = "functional"
\a cdsLibManager->viewLineEdit->value = "functional"
\a lmgrLogShowPopup("mainListPopup2" 49 3 2 "functional")
\a cdsLibManager->FileOpenROButton->value = t
\o MPS request: open design readonly
\a nrSetCurrentWindow(cdsLibManager)
\a nrSetCurrentWindow(cdsLibManager)
\a nrResizeWindow(cdsLibManager list(275 146 1440 648))
\a nrSetCurrentWindow(cdsLibManager)
\a nrResizeWindow(cdsLibManager list(381 104 1440 648))
\a cdsLibManager->libListBox->value = "ASKA_DIG"
\a cdsLibManager->libLineEdit->value = "ASKA_DIG"
\a cdsLibManager->cellLineEdit->value = ""
\a cdsLibManager->cellListBox->value = nil
\a cdsLibManager->viewLineEdit->value = ""
\a cdsLibManager->viewListBox->value = nil
\a cdsLibManager->cellListBox->value = "aska_dig"
\a cdsLibManager->cellLineEdit->value = "aska_dig"
\a cdsLibManager->viewListBox->value = "functional"
\a cdsLibManager->viewLineEdit->value = "functional"
\a cdsLibManager->viewLineEdit->value = ""
\a cdsLibManager->viewListBox->value = nil
\a cdsLibManager->viewListBox->value = "functional"
\a cdsLibManager->viewLineEdit->value = "functional"
\a cdsLibManager->cellListBox->value = "aska_npg"
\a cdsLibManager->cellLineEdit->value = "aska_npg"
\a cdsLibManager->viewLineEdit->value = ""
\a cdsLibManager->viewListBox->value = nil
\a cdsLibManager->viewListBox->value = "functional"
\a cdsLibManager->viewLineEdit->value = "functional"
\a cdsLibManager->cellListBox->value = "aska_spi"
\a cdsLibManager->cellLineEdit->value = "aska_spi"
\a cdsLibManager->viewLineEdit->value = ""
\a cdsLibManager->viewListBox->value = nil
\a cdsLibManager->viewListBox->value = "functional"
\a cdsLibManager->viewLineEdit->value = "functional"
\a cdsLibManager->cellListBox->value = "aska_dig"
\a cdsLibManager->cellLineEdit->value = "aska_dig"
\a cdsLibManager->viewLineEdit->value = ""
\a cdsLibManager->viewListBox->value = nil
\a cdsLibManager->viewListBox->value = "functional"
\a cdsLibManager->viewLineEdit->value = "functional"
\a cdsLibManager->libListBox->value = "ASKA_DIG2"
\a cdsLibManager->libLineEdit->value = "ASKA_DIG2"
\a cdsLibManager->cellLineEdit->value = ""
\a cdsLibManager->cellListBox->value = nil
\a cdsLibManager->viewLineEdit->value = ""
\a cdsLibManager->viewListBox->value = nil
\a cdsLibManager->cellListBox->value = "aska_dig"
\a cdsLibManager->cellLineEdit->value = "aska_dig"
\a cdsLibManager->viewListBox->value = "functional"
\a cdsLibManager->viewLineEdit->value = "functional"
\a cdsLibManager->viewLineEdit->value = ""
\a cdsLibManager->viewListBox->value = nil
\a cdsLibManager->viewListBox->value = "functional"
\a cdsLibManager->viewLineEdit->value = "functional"
\a cdsLibManager->cellListBox->value = "aska_npg"
\a cdsLibManager->cellLineEdit->value = "aska_npg"
\a cdsLibManager->viewLineEdit->value = ""
\a cdsLibManager->viewListBox->value = nil
\a cdsLibManager->viewListBox->value = "functional"
\a cdsLibManager->viewLineEdit->value = "functional"
\a lmgrLogShowPopup("mainListPopup2" 44 6 2 "functional")
\a cdsLibManager->FileOpenROButton->value = t
\o MPS request: open design readonly
\a nrSetCurrentWindow(cdsLibManager)
\a nrSetCurrentWindow(cdsLibManager)
\a cdsLibManager->libListBox->value = "ASKA_DIG"
\a cdsLibManager->libLineEdit->value = "ASKA_DIG"
\a cdsLibManager->cellLineEdit->value = ""
\a cdsLibManager->cellListBox->value = nil
\a cdsLibManager->viewLineEdit->value = ""
\a cdsLibManager->viewListBox->value = nil
\a cdsLibManager->cellListBox->value = "aska_npg"
\a cdsLibManager->cellLineEdit->value = "aska_npg"
\a cdsLibManager->viewListBox->value = "functional"
\a cdsLibManager->viewLineEdit->value = "functional"
\a cdsLibManager->viewLineEdit->value = ""
\a cdsLibManager->viewListBox->value = nil
\a cdsLibManager->viewListBox->value = "functional"
\a cdsLibManager->viewLineEdit->value = "functional"
\a lmgrLogShowPopup("mainListPopup2" 42 8 2 "functional")
\a cdsLibManager->FileOpenROButton->value = t
\o MPS request: open design readonly
\a nrSetCurrentWindow(cdsLibManager)
\a cdsLibManager->libListBox->value = "ASKA_DIG2"
\a cdsLibManager->libLineEdit->value = "ASKA_DIG2"
\a cdsLibManager->cellLineEdit->value = ""
\a cdsLibManager->cellListBox->value = nil
\a cdsLibManager->viewLineEdit->value = ""
\a cdsLibManager->viewListBox->value = nil
\a cdsLibManager->cellListBox->value = "aska_npg"
\a cdsLibManager->cellLineEdit->value = "aska_npg"
\a cdsLibManager->viewListBox->value = "functional"
\a cdsLibManager->viewLineEdit->value = "functional"
\a cdsLibManager->viewLineEdit->value = ""
\a cdsLibManager->viewListBox->value = nil
\a cdsLibManager->viewListBox->value = "functional"
\a cdsLibManager->viewLineEdit->value = "functional"
\a nrSetCurrentWindow(cdsLibManager)
\a nrSetCurrentWindow(cdsLibManager)
\a nrListItemExpand(cdsLibManager->libListBox "XFABLibs" t)
\a nrListItemExpand(cdsLibManager->libListBox "XFABLibs/DigitalLibs" t)
\a nrSetCurrentWindow(cdsLibManager)
\a cdsLibManager->cellListBox->value = "aska_dig"
\a cdsLibManager->cellLineEdit->value = "aska_dig"
\a cdsLibManager->viewLineEdit->value = ""
\a cdsLibManager->viewListBox->value = nil
\a cdsLibManager->viewListBox->value = "functional"
\a cdsLibManager->viewLineEdit->value = "functional"
\a cdsLibManager->viewListBox->value = "symbol"
\a cdsLibManager->viewLineEdit->value = "symbol"
\a nrSetCurrentWindow(cdsLibManager)
\a cdsLibManager->viewListBox->value = nil
\a cdsLibManager->viewLineEdit->value = ""
\a cdsLibManager->viewListBox->value = "symbol"
\a cdsLibManager->viewLineEdit->value = "symbol"
\o MPS request: edit design
\a nrListItemAction(cdsLibManager->gdmXTView 3 0)
\a cdsLibManager->libListBox->value = nil
\a cdsLibManager->libLineEdit->value = ""
\a cdsLibManager->cellListBox->value = nil
\a cdsLibManager->viewLineEdit->value = ""
\a cdsLibManager->viewListBox->value = nil
\a cdsLibManager->cellLineEdit->value = ""
\a cdsLibManager->libListBox->value = "ASKA_DIG2"
\a cdsLibManager->libLineEdit->value = "ASKA_DIG2"
\a cdsLibManager->cellListBox->value = "aska_dig"
\a cdsLibManager->cellLineEdit->value = "aska_dig"
\a cdsLibManager->viewListBox->value = "symbol"
\a cdsLibManager->viewLineEdit->value = "symbol"
\a cdsLibManager->viewLineEdit->value = ""
\a cdsLibManager->viewListBox->value = nil
\a cdsLibManager->viewListBox->value = "symbol"
\a cdsLibManager->viewLineEdit->value = "symbol"
\a nrListItemExpand(cdsLibManager->libListBox "XFABLibs/DigitalLibs" t)
\a nrSetCurrentWindow(cdsLibManager)
\a nrSetCurrentWindow(cdsLibManager)
\a nrSetCurrentWindow(cdsLibManager)
\a nrResizeWindow(cdsLibManager list(2111 101 1440 648))
\a cdsLibManager->viewListBox->value = "layout"
\a cdsLibManager->viewLineEdit->value = "layout"
\a lmgrLogShowPopup("mainListPopup2" 42 24 2 "layout")
\a lmgrLogShowPopup("mainListPopup2" 43 28 2 "layout")
\a cdsLibManager->copySimpleButton->value = t
\a copyViewForm->SkipLibrariesEdit->value = "*"
\a copyViewForm->SkipLibrariesEdit->value = "*"
\a copyViewForm->CopyFromLibrary->value = "ASKA_DIG"
\a copyViewForm->CopyToLibrary->value = "ASKA_DIG"
\a copyViewForm->CopyFromLibrary->value = "ASKA_DIG2"
\a copyViewForm->CopyFromCell->value = "aska_dig"
\a copyViewForm->CopyFromView->value = "layout"
\a copyViewForm->CopyToLibrary->value = "ASKA_DIG2"
\a copyViewForm->CopyToCell->value = "aska_dig"
\a copyViewForm->CopyToView->value = "layout"
\a copyViewForm->ViewsToCopy->value = "layout"
\a copyViewForm->SkipLibrariesEdit->value = ""
\a copyViewForm->SkipLibrariesEdit->value = "ASKA_DIG AUXLIB AnalogLibs CadenceLibs D_CELLS_3V D_CELLS_HD D_CELLS_HDLL D_CELLS_HDLVT D_CELLS_HDMV D_CELLS_HDSVT D_CELLS_JI3V D_CELLS_JIHD D_CELLS_JIHDLL D_CELLS_JIHDLVT D_CELLS_JIHDMV D_CELLS_JIHDSVT D_CELLS_JIM3V D_CELLS_M3V DigitalLibs EsdLibs GATES_3V GATES_HD GATES_JI3V GATES_JIHD GATES_JILVT GATES_JISVT GATES_LVT GATES_PCELL GATES_SVT HV_CELLS IO_CELLS_3V IO_CELLS_C1V8 IO_CELLS_C3V IO_CELLS_F3V IO_CELLS_FC1V8 IO_CELLS_FC3V IO_CELLS_JI3V IO_CELLS_JIC1V8 IO_CELLS_JIC3V IO_CELLS_JIF3V IO_CELLS_JIFC1V8 IO_CELLS_JIFC3V IO_CELLS_NVM_3V IO_CELLS_NVM_C1V8 IO_CELLS_NVM_F3V IO_CELLS_NVM_FC1V8 PRIMLIB TECH_XH018 TECH_XH018_HD US_8ths\\nVLG_PRIMITIVES XFABLibs ahdlLib ambit analogLib basic cdsDefTechLib connectLib functional ieee sample sbaLib std synopsys xfab_connectLib"
\a nrSetWindowVisibility(copyViewForm "show")
\a nrResizeWindow(copyViewForm list(2587 50 468 671))
\a nrSetCurrentWindow(copyViewForm)
\a copyViewForm->CopyToView->value = "layout_inn"
\a copyViewForm->OK->value = t
\o Beginning simple copy to library "ASKA_DIG2".
\o Processing files to be copied...
\a nrSetWindowVisibility(workingDialogForm "show")
\a nrSetCurrentWindow(workingDialogForm)
\a nrResizeWindow(workingDialogForm list(2685 356 273 133))
\a nrSetCurrentWindow(cdsLibManager)
\a nrSetCurrentWindow(workingDialogForm)
\o Copy succeeded.
\a cdsLibManager->libListBox->value = nil
\a cdsLibManager->libLineEdit->value = ""
\a cdsLibManager->cellListBox->value = nil
\a cdsLibManager->viewLineEdit->value = ""
\a cdsLibManager->viewListBox->value = nil
\a cdsLibManager->cellLineEdit->value = ""
\a cdsLibManager->libListBox->value = "ASKA_DIG2"
\a cdsLibManager->libLineEdit->value = "ASKA_DIG2"
\a cdsLibManager->cellListBox->value = "aska_dig"
\a cdsLibManager->cellLineEdit->value = "aska_dig"
\a cdsLibManager->viewListBox->value = "layout"
\a cdsLibManager->viewLineEdit->value = "layout"
\a cdsLibManager->viewLineEdit->value = ""
\a cdsLibManager->viewListBox->value = nil
\a cdsLibManager->viewListBox->value = "layout"
\a cdsLibManager->viewLineEdit->value = "layout"
\a nrResizeWindow(copyViewForm list(2587 13 468 671))
\a nrSetCurrentWindow(cdsLibManager)
\a copyViewForm->SkipLibrariesEdit->value = "*"
\a nrListItemExpand(cdsLibManager->libListBox "XFABLibs/DigitalLibs" t)
\a nrResizeWindow(workingDialogForm list(2685 319 273 133))
\a cdsLibManager->viewListBox->value = "schematic"
\a cdsLibManager->viewLineEdit->value = "schematic"
\a cdsLibManager->viewListBox->value = nil
\a cdsLibManager->viewLineEdit->value = ""
\a cdsLibManager->viewListBox->value = "schematic"
\a cdsLibManager->viewLineEdit->value = "schematic"
\o MPS request: edit design
\a nrListItemAction(cdsLibManager->gdmXTView 3 0)
\a nrSetCurrentWindow(cdsLibManager)
\a cdsLibManager->viewListBox->value = "layout_inn"
\a cdsLibManager->viewLineEdit->value = "layout_inn"
\a cdsLibManager->viewListBox->value = "schematic"
\a cdsLibManager->viewLineEdit->value = "schematic"
\a cdsLibManager->viewListBox->value = "layout"
\a cdsLibManager->viewLineEdit->value = "layout"
\o MPS request: edit design
\a nrListItemAction(cdsLibManager->gdmXTView 1 0)
\a nrSetWindowVisibility(cdsLibManager "hide")
\a nrSetWindowVisibility(cdsLibManager "show")
\a nrSetWindowVisibility(cdsLibManager "hide")
\a nrSetWindowVisibility(cdsLibManager "show")
\a nrSetCurrentWindow(cdsLibManager)
\a cdsLibManager->libListBox->value = "ASKA_DIG"
\a cdsLibManager->libLineEdit->value = "ASKA_DIG"
\a cdsLibManager->cellLineEdit->value = ""
\a cdsLibManager->cellListBox->value = nil
\a cdsLibManager->viewLineEdit->value = ""
\a cdsLibManager->viewListBox->value = nil
\a cdsLibManager->cellListBox->value = "aska_dig"
\a cdsLibManager->cellLineEdit->value = "aska_dig"
\a cdsLibManager->viewListBox->value = "layout"
\a cdsLibManager->viewLineEdit->value = "layout"
\a cdsLibManager->viewLineEdit->value = ""
\a cdsLibManager->viewListBox->value = nil
\a cdsLibManager->viewListBox->value = "layout"
\a cdsLibManager->viewLineEdit->value = "layout"
\a cdsLibManager->libListBox->value = "ASKA_DIG2"
\a cdsLibManager->libLineEdit->value = "ASKA_DIG2"
\a cdsLibManager->cellLineEdit->value = ""
\a cdsLibManager->cellListBox->value = nil
\a cdsLibManager->viewLineEdit->value = ""
\a cdsLibManager->viewListBox->value = nil
\a cdsLibManager->cellListBox->value = "aska_dig"
\a cdsLibManager->cellLineEdit->value = "aska_dig"
\a cdsLibManager->viewListBox->value = "layout"
\a cdsLibManager->viewLineEdit->value = "layout"
\a cdsLibManager->viewLineEdit->value = ""
\a cdsLibManager->viewListBox->value = nil
\a cdsLibManager->viewListBox->value = "layout"
\a cdsLibManager->viewLineEdit->value = "layout"
\a cdsLibManager->FileNewCVButton->value = t
\a cdsLibManager->libListBox->value = nil
\a cdsLibManager->libLineEdit->value = ""
\a cdsLibManager->cellListBox->value = nil
\a cdsLibManager->viewLineEdit->value = ""
\a cdsLibManager->viewListBox->value = nil
\a cdsLibManager->cellLineEdit->value = ""
\a cdsLibManager->libListBox->value = "ASKA_DIG2"
\a cdsLibManager->libLineEdit->value = "ASKA_DIG2"
\a cdsLibManager->cellListBox->value = "aska_dig"
\a cdsLibManager->cellLineEdit->value = "aska_dig"
\a cdsLibManager->viewListBox->value = "layout"
\a cdsLibManager->viewLineEdit->value = "layout"
\a cdsLibManager->viewLineEdit->value = ""
\a cdsLibManager->viewListBox->value = nil
\a cdsLibManager->viewListBox->value = "layout"
\a cdsLibManager->viewLineEdit->value = "layout"
\a nrListItemExpand(cdsLibManager->libListBox "XFABLibs/DigitalLibs" t)
\a nrSetCurrentWindow(cdsLibManager)
\a nrSetCurrentWindow(cdsLibManager)
\a cdsLibManager->libListBox->value = "ASKA_DIG"
\a cdsLibManager->libLineEdit->value = "ASKA_DIG"
\a cdsLibManager->cellLineEdit->value = ""
\a cdsLibManager->cellListBox->value = nil
\a cdsLibManager->viewLineEdit->value = ""
\a cdsLibManager->viewListBox->value = nil
\a cdsLibManager->cellListBox->value = "aska_dig"
\a cdsLibManager->cellLineEdit->value = "aska_dig"
\a cdsLibManager->viewListBox->value = "layout"
\a cdsLibManager->viewLineEdit->value = "layout"
\a cdsLibManager->viewLineEdit->value = ""
\a cdsLibManager->viewListBox->value = nil
\a cdsLibManager->viewListBox->value = "layout"
\a cdsLibManager->viewLineEdit->value = "layout"
\a cdsLibManager->cellListBox->value = "aska_dig_lvs"
\a cdsLibManager->cellLineEdit->value = "aska_dig_lvs"
\a cdsLibManager->viewLineEdit->value = ""
\a cdsLibManager->viewListBox->value = nil
\a cdsLibManager->viewListBox->value = "layout"
\a cdsLibManager->viewLineEdit->value = "layout"
\a cdsLibManager->viewListBox->value = "schematic"
\a cdsLibManager->viewLineEdit->value = "schematic"
\a lmgrLogShowPopup("mainListPopup2" 48 27 2 "schematic")
\a cdsLibManager->FileOpenROButton->value = t
\o MPS request: open design readonly
\a cdsLibManager->libListBox->value = nil
\a cdsLibManager->libLineEdit->value = ""
\a cdsLibManager->cellListBox->value = nil
\a cdsLibManager->viewLineEdit->value = ""
\a cdsLibManager->viewListBox->value = nil
\a cdsLibManager->cellLineEdit->value = ""
\a cdsLibManager->libListBox->value = "ASKA_DIG"
\a cdsLibManager->libLineEdit->value = "ASKA_DIG"
\a cdsLibManager->cellListBox->value = "aska_dig_lvs"
\a cdsLibManager->cellLineEdit->value = "aska_dig_lvs"
\a cdsLibManager->viewListBox->value = "schematic"
\a cdsLibManager->viewLineEdit->value = "schematic"
\a cdsLibManager->viewLineEdit->value = ""
\a cdsLibManager->viewListBox->value = nil
\a cdsLibManager->viewListBox->value = "schematic"
\a cdsLibManager->viewLineEdit->value = "schematic"
\a nrListItemExpand(cdsLibManager->libListBox "XFABLibs/DigitalLibs" t)
\a nrSetCurrentWindow(cdsLibManager)
\a cdsLibManager->cellListBox->value = "DIG_stimulus_tb"
\a cdsLibManager->cellLineEdit->value = "DIG_stimulus_tb"
\a cdsLibManager->viewLineEdit->value = ""
\a cdsLibManager->viewListBox->value = nil
\a cdsLibManager->viewListBox->value = "schematic"
\a cdsLibManager->viewLineEdit->value = "schematic"
\a cdsLibManager->cellListBox->value = "DIG_stimulus"
\a cdsLibManager->cellLineEdit->value = "DIG_stimulus"
\a cdsLibManager->viewLineEdit->value = ""
\a cdsLibManager->viewListBox->value = nil
\a cdsLibManager->cellListBox->value = "DIG_stimulus_tb"
\a cdsLibManager->cellLineEdit->value = "DIG_stimulus_tb"
\a cdsLibManager->viewListBox->value = "schematic"
\a cdsLibManager->viewLineEdit->value = "schematic"
\a cdsLibManager->libListBox->value = "ASKA_DIG2"
\a cdsLibManager->libLineEdit->value = "ASKA_DIG2"
\a cdsLibManager->cellLineEdit->value = ""
\a cdsLibManager->cellListBox->value = nil
\a cdsLibManager->viewLineEdit->value = ""
\a cdsLibManager->viewListBox->value = nil
\a cdsLibManager->libListBox->value = "ASKA_DIG"
\a cdsLibManager->libLineEdit->value = "ASKA_DIG"
\a cdsLibManager->libListBox->value = "ASKA_DIG2"
\a cdsLibManager->libLineEdit->value = "ASKA_DIG2"
\a cdsLibManager->libListBox->value = "ASKA_DIG"
\a cdsLibManager->libLineEdit->value = "ASKA_DIG"
\a cdsLibManager->cellListBox->value = "DIG_stimulus"
\a cdsLibManager->cellLineEdit->value = "DIG_stimulus"
\a cdsLibManager->cellListBox->value = "DIG_stimulus_tb"
\a cdsLibManager->cellLineEdit->value = "DIG_stimulus_tb"
\a cdsLibManager->viewListBox->value = "schematic"
\a cdsLibManager->viewLineEdit->value = "schematic"
\a nrSetCurrentWindow(cdsLibManager)
\a lmgrLogShowPopup("mainListPopup2" 43 45 2 "schematic")
\a cdsLibManager->copySimpleButton->value = t
\a copyViewForm->SkipLibrariesEdit->value = "*"
\a copyViewForm->ViewsToCopy->value = ""
\a copyViewForm->CopyFromCell->value = ""
\a copyViewForm->CopyFromView->value = ""
\a copyViewForm->CopyToCell->value = ""
\a copyViewForm->CopyToView->value = ""
\a copyViewForm->CopyFromLibrary->value = ""
\a copyViewForm->CopyToLibrary->value = ""
\a copyViewForm->CopyFromLibrary->value = "ASKA_DIG"
\a copyViewForm->CopyToLibrary->value = "ASKA_DIG"
\a copyViewForm->CopyFromCell->value = "DIG_stimulus_tb"
\a copyViewForm->CopyFromView->value = "schematic"
\a copyViewForm->CopyToCell->value = "DIG_stimulus_tb"
\a copyViewForm->CopyToView->value = "schematic"
\a copyViewForm->ViewsToCopy->value = "schematic"
\a copyViewForm->SkipLibrariesEdit->value = ""
\a copyViewForm->SkipLibrariesEdit->value = "ASKA_DIG2 AUXLIB AnalogLibs CadenceLibs D_CELLS_3V D_CELLS_HD D_CELLS_HDLL D_CELLS_HDLVT D_CELLS_HDMV D_CELLS_HDSVT D_CELLS_JI3V D_CELLS_JIHD D_CELLS_JIHDLL D_CELLS_JIHDLVT D_CELLS_JIHDMV D_CELLS_JIHDSVT D_CELLS_JIM3V D_CELLS_M3V DigitalLibs EsdLibs GATES_3V GATES_HD GATES_JI3V GATES_JIHD GATES_JILVT GATES_JISVT GATES_LVT GATES_PCELL GATES_SVT HV_CELLS IO_CELLS_3V IO_CELLS_C1V8 IO_CELLS_C3V IO_CELLS_F3V IO_CELLS_FC1V8 IO_CELLS_FC3V IO_CELLS_JI3V IO_CELLS_JIC1V8 IO_CELLS_JIC3V IO_CELLS_JIF3V IO_CELLS_JIFC1V8 IO_CELLS_JIFC3V IO_CELLS_NVM_3V IO_CELLS_NVM_C1V8 IO_CELLS_NVM_F3V IO_CELLS_NVM_FC1V8 PRIMLIB TECH_XH018 TECH_XH018_HD US_8ths\\nVLG_PRIMITIVES XFABLibs ahdlLib ambit analogLib basic cdsDefTechLib connectLib functional ieee sample sbaLib std synopsys xfab_connectLib"
\a nrSetCurrentWindow(copyViewForm)
\a nrResizeWindow(copyViewForm list(2587 50 468 671))
\a copyViewForm->CopyToLibrary->value = "ASKA_DIG2"
\a copyViewForm->OK->value = t
\o Beginning simple copy to library "ASKA_DIG2".
\o Processing files to be copied...
\a nrSetCurrentWindow(workingDialogForm)
\o ERROR (CLM-173): One or more of the following problems have occurred:\n      1. The source file does not exist.\n      2. A destination file will be overwritten.\n      3. A destination file is checked out.\n      4. A destination file is opened for edit.\n      5. A destination file conflicts with another.\n      6. A source library file is not valid in a different library.\n      7. A source OpenAccess cellview master file has zero size.
\a nrSetWindowVisibility(copyProblemsDialog "show")
\a nrResizeWindow(workingDialogForm list(2693 356 273 133))
\a nrResizeWindow(copyProblemsDialog list(2399 125 825 441))
\a nrSetCurrentWindow(copyProblemsDialog)
\a nrResizeWindow(workingDialogForm list(2693 319 273 133))
\a nrResizeWindow(copyProblemsDialog list(2409 165 825 441))
\a copyProblemsDialog->overwriteAll->value = t
\a copyProblemsDialog->OK->value = t
\a nrSetCurrentWindow(copyViewForm)
\a nrResizeWindow(copyProblemsDialog list(2409 128 825 441))
\a nrResizeWindow(workingDialogForm list(2685 356 273 133))
\a nrSetCurrentWindow(cdsLibManager)
\a nrSetCurrentWindow(workingDialogForm)
\o Copy succeeded.
\a copyViewForm->SkipLibrariesEdit->value = "*"
\a nrSetCurrentWindow(cdsLibManager)
\a nrResizeWindow(copyViewForm list(2587 13 468 671))
\a nrResizeWindow(workingDialogForm list(2685 319 273 133))
\a cdsLibManager->cellListBox->value = "DIG_stimulus"
\a cdsLibManager->cellLineEdit->value = "DIG_stimulus"
\a cdsLibManager->viewLineEdit->value = ""
\a cdsLibManager->viewListBox->value = nil
\a lmgrLogShowPopup("mainListPopup1" 40 7 2 "DIG_stimulus")
\a cdsLibManager->copySimpleButton->value = t
\a copyCellForm->SkipLibrariesEdit->value = "*"
\a copyCellForm->SkipLibrariesEdit->value = "*"
\a copyCellForm->CopyFromLibrary->value = "ASKA_DIG"
\a copyCellForm->CopyToLibrary->value = "ASKA_DIG"
\a copyCellForm->CopyFromCell->value = "DIG_stimulus"
\a copyCellForm->CopyToCell->value = "DIG_stimulus"
\a copyCellForm->ViewsToCopy->value = "symbol verilogams verilogams_por"
\a copyCellForm->SkipLibrariesEdit->value = ""
\a copyCellForm->SkipLibrariesEdit->value = "ASKA_DIG2 AUXLIB AnalogLibs CadenceLibs D_CELLS_3V D_CELLS_HD D_CELLS_HDLL D_CELLS_HDLVT D_CELLS_HDMV D_CELLS_HDSVT D_CELLS_JI3V D_CELLS_JIHD D_CELLS_JIHDLL D_CELLS_JIHDLVT D_CELLS_JIHDMV D_CELLS_JIHDSVT D_CELLS_JIM3V D_CELLS_M3V DigitalLibs EsdLibs GATES_3V GATES_HD GATES_JI3V GATES_JIHD GATES_JILVT GATES_JISVT GATES_LVT GATES_PCELL GATES_SVT HV_CELLS IO_CELLS_3V IO_CELLS_C1V8 IO_CELLS_C3V IO_CELLS_F3V IO_CELLS_FC1V8 IO_CELLS_FC3V IO_CELLS_JI3V IO_CELLS_JIC1V8 IO_CELLS_JIC3V IO_CELLS_JIF3V IO_CELLS_JIFC1V8 IO_CELLS_JIFC3V IO_CELLS_NVM_3V IO_CELLS_NVM_C1V8 IO_CELLS_NVM_F3V IO_CELLS_NVM_FC1V8 PRIMLIB TECH_XH018 TECH_XH018_HD US_8ths\\nVLG_PRIMITIVES XFABLibs ahdlLib ambit analogLib basic cdsDefTechLib connectLib functional ieee sample sbaLib std synopsys xfab_connectLib"
\a nrSetWindowVisibility(copyCellForm "show")
\a nrResizeWindow(copyCellForm list(2587 56 468 659))
\a nrSetCurrentWindow(copyCellForm)
\a copyCellForm->CopyToLibrary->value = "ASKA_DIG2"
\a copyCellForm->OK->value = t
\o Beginning simple copy to library "ASKA_DIG2".
\o Processing files to be copied...
\a nrSetCurrentWindow(workingDialogForm)
\a nrResizeWindow(workingDialogForm list(2693 356 273 133))
\a nrResizeWindow(copyProblemsDialog list(2399 162 825 441))
\a nrSetCurrentWindow(copyProblemsDialog)
\a nrResizeWindow(workingDialogForm list(2693 319 273 133))
\a nrResizeWindow(copyProblemsDialog list(2409 165 825 441))
\a copyProblemsDialog->overwriteAll->value = t
\a copyProblemsDialog->OK->value = t
\a nrSetCurrentWindow(copyCellForm)
\a nrResizeWindow(copyProblemsDialog list(2409 128 825 441))
\a nrResizeWindow(workingDialogForm list(2685 356 273 133))
\a nrSetCurrentWindow(cdsLibManager)
\a nrSetCurrentWindow(workingDialogForm)
\o Copy succeeded.
\a copyCellForm->SkipLibrariesEdit->value = "*"
\a nrSetCurrentWindow(cdsLibManager)
\a nrResizeWindow(copyCellForm list(2587 19 468 659))
\a nrResizeWindow(workingDialogForm list(2685 319 273 133))
\a cdsLibManager->libListBox->value = "ASKA_DIG2"
\a cdsLibManager->libLineEdit->value = "ASKA_DIG2"
\a cdsLibManager->cellLineEdit->value = ""
\a cdsLibManager->cellListBox->value = nil
\a cdsLibManager->cellListBox->value = "DIG_stimulus"
\a cdsLibManager->cellLineEdit->value = "DIG_stimulus"
\a cdsLibManager->libListBox->value = "ASKA_DIG"
\a cdsLibManager->libLineEdit->value = "ASKA_DIG"
\a cdsLibManager->cellLineEdit->value = ""
\a cdsLibManager->cellListBox->value = nil
\a cdsLibManager->cellListBox->value = "DIG_stimulus"
\a cdsLibManager->cellLineEdit->value = "DIG_stimulus"
\a cdsLibManager->libListBox->value = "ASKA_DIG2"
\a cdsLibManager->libLineEdit->value = "ASKA_DIG2"
\a cdsLibManager->cellLineEdit->value = ""
\a cdsLibManager->cellListBox->value = nil
\a cdsLibManager->cellListBox->value = "DIG_stimulus"
\a cdsLibManager->cellLineEdit->value = "DIG_stimulus"
\a cdsLibManager->cellListBox->value = "DIG_stimulus_tb"
\a cdsLibManager->cellLineEdit->value = "DIG_stimulus_tb"
\a cdsLibManager->viewListBox->value = "schematic"
\a cdsLibManager->viewLineEdit->value = "schematic"
\a cdsLibManager->cellListBox->value = "DIG_stimulus"
\a cdsLibManager->cellLineEdit->value = "DIG_stimulus"
\a cdsLibManager->viewLineEdit->value = ""
\a cdsLibManager->viewListBox->value = nil
\a cdsLibManager->cellListBox->value = "DIG_stimulus_tb"
\a cdsLibManager->cellLineEdit->value = "DIG_stimulus_tb"
\a cdsLibManager->viewListBox->value = "schematic"
\a cdsLibManager->viewLineEdit->value = "schematic"
\a cdsLibManager->viewListBox->value = nil
\a cdsLibManager->viewLineEdit->value = ""
\a cdsLibManager->viewListBox->value = "schematic"
\a cdsLibManager->viewLineEdit->value = "schematic"
\o MPS request: edit design
\a nrListItemAction(cdsLibManager->gdmXTView 0 0)
\a nrSetCurrentWindow(cdsLibManager)
\a nrSetCurrentWindow(cdsLibManager)
\a cdsLibManager->FileNewCVButton->value = t
\a cdsLibManager->libListBox->value = nil
\a cdsLibManager->libLineEdit->value = ""
\a cdsLibManager->cellListBox->value = nil
\a cdsLibManager->viewLineEdit->value = ""
\a cdsLibManager->viewListBox->value = nil
\a cdsLibManager->cellLineEdit->value = ""
\a cdsLibManager->libListBox->value = "ASKA_DIG2"
\a cdsLibManager->libLineEdit->value = "ASKA_DIG2"
\a cdsLibManager->cellListBox->value = "DIG_stimulus_tb"
\a cdsLibManager->cellLineEdit->value = "DIG_stimulus_tb"
\a cdsLibManager->viewListBox->value = "schematic"
\a cdsLibManager->viewLineEdit->value = "schematic"
\a cdsLibManager->viewLineEdit->value = ""
\a cdsLibManager->viewListBox->value = nil
\a cdsLibManager->viewListBox->value = "schematic"
\a cdsLibManager->viewLineEdit->value = "schematic"
\a nrListItemExpand(cdsLibManager->libListBox "XFABLibs/DigitalLibs" t)
\a nrSetCurrentWindow(cdsLibManager)
\a nrSetCurrentWindow(cdsLibManager)
\a nrSetCurrentWindow(cdsLibManager)
\a cdsLibManager->viewListBox->value = "config"
\a cdsLibManager->viewLineEdit->value = "config"
\o MPS request: edit design
\a nrListItemAction(cdsLibManager->gdmXTView 0 0)
\a nrSetCurrentWindow(cdsLibManager)
\a cdsLibManager->libListBox->value = nil
\a cdsLibManager->libLineEdit->value = ""
\a cdsLibManager->cellListBox->value = nil
\a cdsLibManager->viewLineEdit->value = ""
\a cdsLibManager->viewListBox->value = nil
\a cdsLibManager->cellLineEdit->value = ""
\a cdsLibManager->libListBox->value = "ASKA_DIG2"
\a cdsLibManager->libLineEdit->value = "ASKA_DIG2"
\a cdsLibManager->cellListBox->value = "DIG_stimulus_tb"
\a cdsLibManager->cellLineEdit->value = "DIG_stimulus_tb"
\a cdsLibManager->viewListBox->value = "config"
\a cdsLibManager->viewLineEdit->value = "config"
\a cdsLibManager->viewLineEdit->value = ""
\a cdsLibManager->viewListBox->value = nil
\a cdsLibManager->viewListBox->value = "config"
\a cdsLibManager->viewLineEdit->value = "config"
\a nrListItemExpand(cdsLibManager->libListBox "XFABLibs/DigitalLibs" t)
\a nrSetCurrentWindow(cdsLibManager)
\a nrSetCurrentWindow(cdsLibManager)
\a nrResizeWindow(cdsLibManager list(285 176 1440 648))
\a nrResizeWindow(cdsLibManager list(285 176 1439 648))
\a nrResizeWindow(cdsLibManager list(285 176 957 648))
\a nrSetCurrentWindow(cdsLibManager)
\a nrResizeWindow(cdsLibManager list(285 176 956 648))
\a nrSetCurrentWindow(cdsLibManager)
\a nrResizeWindow(cdsLibManager list(285 176 793 648))
\a cdsLibManager->cellListBox->value = "DIG_stimulus"
\a cdsLibManager->cellLineEdit->value = "DIG_stimulus"
\a cdsLibManager->viewLineEdit->value = ""
\a cdsLibManager->viewListBox->value = nil
\a cdsLibManager->viewListBox->value = "verilogams"
\a cdsLibManager->viewLineEdit->value = "verilogams"
\o MPS request: edit design
\a nrListItemAction(cdsLibManager->gdmXTView 1 0)
\a nrSetCurrentWindow(cdsLibManager)
\a nrSetCurrentWindow(cdsLibManager)
\a nrResizeWindow(cdsLibManager list(285 175 793 648))
\a nrSetWindowVisibility(cdsLibManager "hide")
\a nrSetWindowVisibility(cdsLibManager "show")
\a nrSetCurrentWindow(cdsLibManager)
\a nrSetCurrentWindow(cdsLibManager)
\a nrSetWindowVisibility(cdsLibManager "hide")
\a nrSetWindowVisibility(cdsLibManager "show")
\a nrSetWindowVisibility(cdsLibManager "hide")
\a _lmgrCloseIconify("cdsLibManager" 1)
\o MPS service: shutdown
\o libManager is exiting.
\a exit(0)
