============================================================
  Generated by:           Genus(TM) Synthesis Solution 21.18-s082_1
  Generated on:           Sep 09 2024  08:11:41 am
  Module:                 aska_dig
  Operating conditions:   slow_3_00V_125C (worst_case_tree)
  Wireload mode:          enclosed
  Area mode:              timing library
============================================================

                                   
    Gate      Instances    Area                       Library                   
--------------------------------------------------------------------------------
AN211JI3VX1           5    100.352    D_CELLS_JI3V_LPMOS_MOS3LP_slow_3_00V_125C 
AN21JI3VX1           26    391.373    D_CELLS_JI3V_LPMOS_MOS3LP_slow_3_00V_125C 
AN22JI3VX1           21    368.794    D_CELLS_JI3V_LPMOS_MOS3LP_slow_3_00V_125C 
AN31JI3VX1            3     52.685    D_CELLS_JI3V_LPMOS_MOS3LP_slow_3_00V_125C 
AND2JI3VX0           11    164.481    D_CELLS_JI3V_LPMOS_MOS3LP_slow_3_00V_125C 
AND2JI3VX4            6    150.528    D_CELLS_JI3V_LPMOS_MOS3LP_slow_3_00V_125C 
AO21JI3VX1            8    160.563    D_CELLS_JI3V_LPMOS_MOS3LP_slow_3_00V_125C 
AO22JI3VX1           55   1241.856    D_CELLS_JI3V_LPMOS_MOS3LP_slow_3_00V_125C 
BUJI3VX2             11    165.581    D_CELLS_JI3V_LPMOS_MOS3LP_slow_3_00V_125C 
BUJI3VX3             18    316.109    D_CELLS_JI3V_LPMOS_MOS3LP_slow_3_00V_125C 
BUJI3VX6              1     30.106    D_CELLS_JI3V_LPMOS_MOS3LP_slow_3_00V_125C 
DFRRQJI3VX1         323  21879.245    D_CELLS_JI3V_LPMOS_MOS3LP_slow_3_00V_125C 
DFRRQJI3VX2           1     72.755    D_CELLS_JI3V_LPMOS_MOS3LP_slow_3_00V_125C 
EN2JI3VX0             3     74.964    D_CELLS_JI3V_LPMOS_MOS3LP_slow_3_00V_125C 
EN3JI3VX1             1     47.667    D_CELLS_JI3V_LPMOS_MOS3LP_slow_3_00V_125C 
EO2JI3VX0             8    199.904    D_CELLS_JI3V_LPMOS_MOS3LP_slow_3_00V_125C 
EO3JI3VX1             2     95.334    D_CELLS_JI3V_LPMOS_MOS3LP_slow_3_00V_125C 
FAJI3VX1             18   1174.118    D_CELLS_JI3V_LPMOS_MOS3LP_slow_3_00V_125C 
HAJI3VX1             12    421.478    D_CELLS_JI3V_LPMOS_MOS3LP_slow_3_00V_125C 
INJI3VX0            110    816.904    D_CELLS_JI3V_LPMOS_MOS3LP_slow_3_00V_125C 
INJI3VX12             1     57.702    D_CELLS_JI3V_LPMOS_MOS3LP_slow_3_00V_125C 
INJI3VX2              1     10.035    D_CELLS_JI3V_LPMOS_MOS3LP_slow_3_00V_125C 
INJI3VX3              3     37.632    D_CELLS_JI3V_LPMOS_MOS3LP_slow_3_00V_125C 
INJI3VX6              1     22.579    D_CELLS_JI3V_LPMOS_MOS3LP_slow_3_00V_125C 
MU2JI3VX0             4    100.352    D_CELLS_JI3V_LPMOS_MOS3LP_slow_3_00V_125C 
NA22JI3VX1            8    140.493    D_CELLS_JI3V_LPMOS_MOS3LP_slow_3_00V_125C 
NA2I1JI3VX1          28    421.478    D_CELLS_JI3V_LPMOS_MOS3LP_slow_3_00V_125C 
NA2JI3VX0           104   1033.261    D_CELLS_JI3V_LPMOS_MOS3LP_slow_3_00V_125C 
NA3I1JI3VX1           9    158.054    D_CELLS_JI3V_LPMOS_MOS3LP_slow_3_00V_125C 
NA3I2JI3VX1           4     70.246    D_CELLS_JI3V_LPMOS_MOS3LP_slow_3_00V_125C 
NA3JI3VX0            14    174.216    D_CELLS_JI3V_LPMOS_MOS3LP_slow_3_00V_125C 
NA4JI3VX0             5     87.308    D_CELLS_JI3V_LPMOS_MOS3LP_slow_3_00V_125C 
NO22JI3VX1            2     40.141    D_CELLS_JI3V_LPMOS_MOS3LP_slow_3_00V_125C 
NO2I1JI3VX1          18    270.950    D_CELLS_JI3V_LPMOS_MOS3LP_slow_3_00V_125C 
NO2I1JI3VX4           1     35.123    D_CELLS_JI3V_LPMOS_MOS3LP_slow_3_00V_125C 
NO2JI3VX0            41    411.443    D_CELLS_JI3V_LPMOS_MOS3LP_slow_3_00V_125C 
NO2JI3VX1             1     12.544    D_CELLS_JI3V_LPMOS_MOS3LP_slow_3_00V_125C 
NO3I1JI3VX1           5    100.352    D_CELLS_JI3V_LPMOS_MOS3LP_slow_3_00V_125C 
NO3I2JI3VX1           2     35.123    D_CELLS_JI3V_LPMOS_MOS3LP_slow_3_00V_125C 
NO3JI3VX0             5     74.764    D_CELLS_JI3V_LPMOS_MOS3LP_slow_3_00V_125C 
OA21JI3VX1            2     40.141    D_CELLS_JI3V_LPMOS_MOS3LP_slow_3_00V_125C 
ON211JI3VX1          15    263.424    D_CELLS_JI3V_LPMOS_MOS3LP_slow_3_00V_125C 
ON21JI3VX1           33    496.742    D_CELLS_JI3V_LPMOS_MOS3LP_slow_3_00V_125C 
ON21JI3VX4           32   1204.224    D_CELLS_JI3V_LPMOS_MOS3LP_slow_3_00V_125C 
ON22JI3VX1           14    280.986    D_CELLS_JI3V_LPMOS_MOS3LP_slow_3_00V_125C 
ON31JI3VX1           12    240.845    D_CELLS_JI3V_LPMOS_MOS3LP_slow_3_00V_125C 
OR2JI3VX0             5     74.764    D_CELLS_JI3V_LPMOS_MOS3LP_slow_3_00V_125C 
OR3JI3VX1             5     87.808    D_CELLS_JI3V_LPMOS_MOS3LP_slow_3_00V_125C 
OR4JI3VX1             4    110.387    D_CELLS_JI3V_LPMOS_MOS3LP_slow_3_00V_125C 
OR4JI3VX2             1     32.614    D_CELLS_JI3V_LPMOS_MOS3LP_slow_3_00V_125C 
SDFRRQJI3VX1        164  14811.956    D_CELLS_JI3V_LPMOS_MOS3LP_slow_3_00V_125C 
--------------------------------------------------------------------------------
total              1187  48862.487                                              


                                          
     Type      Instances    Area   Area % 
------------------------------------------
sequential           488 36763.956   75.2 
inverter             116   944.853    1.9 
buffer                30   511.795    1.0 
logic                553 10641.882   21.8 
physical_cells         0     0.000    0.0 
------------------------------------------
total               1187 48862.487  100.0 

