*Info*    Exporting services from client ... 

*Info*    Client has finished starting ... 



*Info*    Configuring the session ...

	Library      = ASKA_DIG2
	Cell         = DIG_stimulus_tb
	View         = config
	Simulator    = ams
	State Path   = $AXL_SETUPDB_DIR/test_states
	State Name   = ASKA_DIG2:DIG_stimulus_tb:1_none_Interactive.8
	Results DB   = /home/saul/projects/ASKA_DIGITAL/ASKA_DIG/virtuoso/ASKA_DIG2/DIG_stimulus_tb/adexl/results/data/Interactive.8.rdb
	Results Dir  = /home/saul/projects/ASKA_DIGITAL/ASKA_DIG/virtuoso/Sim/ASKA_DIG2/DIG_stimulus_tb/adexl/results/data/Interactive.8/1/ASKA_DIG2:DIG_stimulus_tb:1
	Results Loc  = /home/saul/projects/ASKA_DIGITAL/ASKA_DIG/virtuoso/Sim/ASKA_DIG2/DIG_stimulus_tb/adexl/results/data
	Project Dir  = /home/saul/projects/ASKA_DIGITAL/ASKA_DIG/virtuoso/Sim
	Setup DB loc = /home/saul/projects/ASKA_DIGITAL/ASKA_DIG/virtuoso/ASKA_DIG2/DIG_stimulus_tb/adexl
	File Encoding = 0



*Info*    The auto suspension is disabled.






*Info*    Run start for Point ID (8 1) on testbench [
          ASKA_DIG2:DIG_stimulus_tb:1 ].

Resetting statistical vars

*Info*    Setting parameter values ...

Setting var ADDR_0 = "0"
Setting var ADDR_1 = "0"
Setting var temperature = "27"
Setting temp(T) = 27

*Info*    Netlist Directory =
          /home/saul/projects/ASKA_DIGITAL/ASKA_DIG/virtuoso/Sim/ASKA_DIG2/DIG_stimulus_tb/adexl/results/data/Interactive.8/1/ASKA_DIG2:DIG_stimulus_tb:1/netlist


*Info*    Data Directory    =
          /home/saul/projects/ASKA_DIGITAL/ASKA_DIG/virtuoso/Sim/ASKA_DIG2/DIG_stimulus_tb/adexl/results/data/Interactive.8/1/ASKA_DIG2:DIG_stimulus_tb:1


*Info*    Creating Netlist for Point ID (8 1)

generate netlist...
INFO (AMS-2142): The AMS Unified Netlisting (AMS UNL) flow has been enabled.
INFO (AMS-2031): The instances bound to the views specified in the 'Netlist using spectre CDF simInfo'
 field in the Netlister form (Simulation->Options->Netlister) will be netlisted as
 analog primitives using the Spectre CDF simulation information.
function ansCdlCompPrim redefined
function ansCdlCompPrim redefined
Initializing the control file using cp:
    cp /home/saul/cadence/installs/IC618/tools.lnx86/dfII/etc/si/control.ver /home/saul/projects/ASKA_DIGITAL/ASKA_DIG/virtuoso/Sim/ASKA_DIG2/DIG_stimulus_tb/adexl/results/data/Interactive.8/1/ASKA_DIG2:DIG_stimulus_tb:1/netlist/digital/control
Begin Netlisting Sep  9 16:24:11 2024
INFO (VLOGNET-60): The stimulus name mapped table will not be printed in the 
"/home/saul/projects/ASKA_DIGITAL/ASKA_DIG/virtuoso/Sim/ASKA_DIG2/DIG_stimulus_tb/adexl/results/data/Interactive.8/1/ASKA_DIG2:DIG_stimulus_tb:1/netlist/digital/testfixture.verilog" file. To print the stimulus name mapped table, set 
simVerilogPrintStimulusNameMappingTable = t either in CIW or the .simrc file 
before invoking Verilog netlister.
 
INFO (VLOGNET-62): Database internal net names will be printed for floating instance ports. To prevent 
them from being printed, set simVerilogProcessNullPorts = t either in CIW or 
the .simrc file.
 
INFO (VLOGNET-64): All cellviews in the design will be printed in the Netlist Configuration list. 
If you want to print only those cellviews that need to be re-netlisted in the 
list, set simVerilogIncrementalNetlistConfigList = t either in CIW or the 
.simrc file.
 
INFO (VLOGNET-68): The initial state of stimulus of all inout pins is set to "z". To get inout 
pins with initial state of "0", set hnlVerilogIOInitStimulusStr = "0" 
either in CIW or the .simrc file.
 
INFO (AMS-2150): Generating the 'changedVarsSummary' file in the 'netlist' directory. This file prints the values of the netlister control variables, which are different from their default values. To disable the file creation, type 'envSetVal("ams.netlisterOpts" "print_control_vars" 'boolean nil )' in the '.cdsinit' file.
INFO (VLOGNET-117): Re-netlisting the entire design.

INFO (VLOGNET-118): Using connection by name (explicit connections) for all stopping and 
non-stopping cells.
 
INFO (AMS-2050): The following cells will be netlisted without using the spectre CDF
 simulation information, because they are bound to view symbol:
 ' *** Library - D_CELLS_JI3V  Cell - DECAP10JI3V ***
              *** Library - D_CELLS_JI3V  Cell - DECAP25JI3V ***
              *** Library - D_CELLS_JI3V  Cell - DECAP15JI3V ***
              *** Library - D_CELLS_JI3V  Cell - DECAP7JI3V ***
              *** Library - D_CELLS_JI3V  Cell - DECAP5JI3V ***
              *** Library - D_CELLS_JI3V  Cell - NO2JI3VX2 ***
              *** Library - D_CELLS_JI3V  Cell - NA2JI3VX2 ***
              *** Library - D_CELLS_JI3V  Cell - NA2I1JI3VX2 ***
              *** Library - D_CELLS_JI3V  Cell - DLY2JI3VX1 ***
              *** Library - D_CELLS_JI3V  Cell - DFRRQJI3VX2 ***
              *** Library - D_CELLS_JI3V  Cell - DLY4JI3VX1 ***
              *** Library - D_CELLS_JI3V  Cell - BUJI3VX16 ***
              *** Library - D_CELLS_JI3V  Cell - EO3JI3VX1 ***
              *** Library - D_CELLS_JI3V  Cell - OR4JI3VX2 ***
              *** Library - D_CELLS_JI3V  Cell - NO3JI3VX1 ***
              *** Library - D_CELLS_JI3V  Cell - BUJI3VX6 ***
              *** Library - D_CELLS_JI3V  Cell - MU2JI3VX0 ***
              *** Library - D_CELLS_JI3V  Cell - INJI3VX2 ***
              *** Library - D_CELLS_JI3V  Cell - INJI3VX1 ***
              *** Library - D_CELLS_JI3V  Cell - BUJI3VX1 ***
              *** Library - D_CELLS_JI3V  Cell - ON21JI3VX4 ***
              *** Library - D_CELLS_JI3V  Cell - BUJI3VX3 ***
              *** Library - D_CELLS_JI3V  Cell - BUJI3VX2 ***
              *** Library - D_CELLS_JI3V  Cell - OR4JI3VX1 ***
              *** Library - D_CELLS_JI3V  Cell - NO2I1JI3VX2 ***
              *** Library - D_CELLS_JI3V  Cell - NA4JI3VX2 ***
              *** Library - D_CELLS_JI3V  Cell - INJI3VX3 ***
              *** Library - D_CELLS_JI3V  Cell - SDFRRQJI3VX1 ***
              *** Library - D_CELLS_JI3V  Cell - EN2JI3VX0 ***
              *** Library - D_CELLS_JI3V  Cell - NO22JI3VX1 ***
              *** Library - D_CELLS_JI3V  Cell - NA3I2JI3VX1 ***
              *** Library - D_CELLS_JI3V  Cell - DLY1JI3VX1 ***
              *** Library - D_CELLS_JI3V  Cell - HAJI3VX1 ***
              *** Library - D_CELLS_JI3V  Cell - OA21JI3VX1 ***
              *** Library - D_CELLS_JI3V  Cell - NO3I2JI3VX1 ***
              *** Library - D_CELLS_JI3V  Cell - EN3JI3VX1 ***
              *** Library - D_CELLS_JI3V  Cell - BUJI3VX0 ***
              *** Library - D_CELLS_JI3V  Cell - FAJI3VX1 ***
              *** Library - D_CELLS_JI3V  Cell - EO2JI3VX0 ***
              *** Library - D_CELLS_JI3V  Cell - AN31JI3VX1 ***
              *** Library - D_CELLS_JI3V  Cell - AO22JI3VX1 ***
              *** Library - D_CELLS_JI3V  Cell - NO3I1JI3VX1 ***
              *** Library - D_CELLS_JI3V  Cell - NO3JI3VX0 ***
              *** Library - D_CELLS_JI3V  Cell - OR3JI3VX1 ***
              *** Library - D_CELLS_JI3V  Cell - AO21JI3VX1 ***
              *** Library - D_CELLS_JI3V  Cell - DFRRQJI3VX4 ***
              *** Librar...
INFO (VLOGNET-169): Module port ordering for lib 'ASKA_DIG2', cell 'aska_dig', view 'schematic' will be
 done using the user specified port order as follows:

 => "clk" "reset_l" "porborn" "SPI_CS" "SPI_Clk" "SPI_MOSI" "IC_addr<1:0>" "up_switches<31:0>" 
     "down_switches<31:0>" "DAC<5:0>" "pulse_active" "enable" 

WARNING (VLOGNET-110): The cell 'ASKA_DIG2/DIG_stimulus_tb/schematic' has no ports. Make sure that this was the intended 
design.
 
INFO (VLOGNET-126): ---------- Beginning netlist configuration information ----------



LIB NAME                    CELL NAME                   VIEW NAME            NOTE             
---------                   ---------                   ---------            ----             

analogLib                   res                         spectre              *Stopping View*  
ASKA_DIG2                   DIG_stimulus                verilogams           *Stopping View*  
analogLib                   vdc                         spectre              *Stopping View*  
D_CELLS_JI3V                AND2JI3VX0                  symbol               *Stopping View*  
D_CELLS_JI3V                DFRRQJI3VX1                 symbol               *Stopping View*  
D_CELLS_JI3V                NO2JI3VX0                   symbol               *Stopping View*  
D_CELLS_JI3V                NA2JI3VX0                   symbol               *Stopping View*  
D_CELLS_JI3V                ON22JI3VX1                  symbol               *Stopping View*  
D_CELLS_JI3V                AN211JI3VX1                 symbol               *Stopping View*  
D_CELLS_JI3V                INJI3VX0                    symbol               *Stopping View*  
D_CELLS_JI3V                ON211JI3VX1                 symbol               *Stopping View*  
D_CELLS_JI3V                AN21JI3VX1                  symbol               *Stopping View*  
D_CELLS_JI3V                NA3I1JI3VX1                 symbol               *Stopping View*  
D_CELLS_JI3V                NA3JI3VX0                   symbol               *Stopping View*  
D_CELLS_JI3V                NO2I1JI3VX1                 symbol               *Stopping View*  
D_CELLS_JI3V                NA4JI3VX0                   symbol               *Stopping View*  
D_CELLS_JI3V                NA22JI3VX1                  symbol               *Stopping View*  
D_CELLS_JI3V                NA2I1JI3VX1                 symbol               *Stopping View*  
D_CELLS_JI3V                OR2JI3VX0                   symbol               *Stopping View*  
D_CELLS_JI3V                BUJI3VX12                   symbol               *Stopping View*  
D_CELLS_JI3V                AND2JI3VX1                  symbol               *Stopping View*  
D_CELLS_JI3V                BUJI3VX8                    symbol               *Stopping View*  
D_CELLS_JI3V                ON31JI3VX1                  symbol               *Stopping View*  
D_CELLS_JI3V                AN22JI3VX1                  symbol               *Stopping View*  
D_CELLS_JI3V                ON21JI3VX1                  symbol               *Stopping View*  
D_CELLS_JI3V                DFRRQJI3VX4                 symbol               *Stopping View*  
D_CELLS_JI3V                AO21JI3VX1                  symbol               *Stopping View*  
D_CELLS_JI3V                OR3JI3VX1                   symbol               *Stopping View*  
D_CELLS_JI3V                NO3JI3VX0                   symbol               *Stopping View*  
D_CELLS_JI3V                NO3I1JI3VX1                 symbol               *Stopping View*  
D_CELLS_JI3V                AO22JI3VX1                  symbol               *Stopping View*  
D_CELLS_JI3V                AN31JI3VX1                  symbol               *Stopping View*  
D_CELLS_JI3V                EO2JI3VX0                   symbol               *Stopping View*  
D_CELLS_JI3V                FAJI3VX1                    symbol               *Stopping View*  
D_CELLS_JI3V                BUJI3VX0                    symbol               *Stopping View*  
D_CELLS_JI3V                EN3JI3VX1                   symbol               *Stopping View*  
D_CELLS_JI3V                NO3I2JI3VX1                 symbol               *Stopping View*  
D_CELLS_JI3V                OA21JI3VX1                  symbol               *Stopping View*  
D_CELLS_JI3V                HAJI3VX1                    symbol               *Stopping View*  
D_CELLS_JI3V                DLY1JI3VX1                  symbol               *Stopping View*  
D_CELLS_JI3V                NA3I2JI3VX1                 symbol               *Stopping View*  
D_CELLS_JI3V                NO22JI3VX1                  symbol               *Stopping View*  
D_CELLS_JI3V                EN2JI3VX0                   symbol               *Stopping View*  
D_CELLS_JI3V                SDFRRQJI3VX1                symbol               *Stopping View*  
D_CELLS_JI3V                INJI3VX3                    symbol               *Stopping View*  
D_CELLS_JI3V                NA4JI3VX2                   symbol               *Stopping View*  
D_CELLS_JI3V                NO2I1JI3VX2                 symbol               *Stopping View*  
D_CELLS_JI3V                OR4JI3VX1                   symbol               *Stopping View*  
D_CELLS_JI3V                BUJI3VX2                    symbol               *Stopping View*  
D_CELLS_JI3V                BUJI3VX3                    symbol               *Stopping View*  
D_CELLS_JI3V                ON21JI3VX4                  symbol               *Stopping View*  
D_CELLS_JI3V                BUJI3VX1                    symbol               *Stopping View*  
D_CELLS_JI3V                INJI3VX1                    symbol               *Stopping View*  
D_CELLS_JI3V                INJI3VX2                    symbol               *Stopping View*  
D_CELLS_JI3V                MU2JI3VX0                   symbol               *Stopping View*  
D_CELLS_JI3V                BUJI3VX6                    symbol               *Stopping View*  
D_CELLS_JI3V                NO3JI3VX1                   symbol               *Stopping View*  
D_CELLS_JI3V                OR4JI3VX2                   symbol               *Stopping View*  
D_CELLS_JI3V                EO3JI3VX1                   symbol               *Stopping View*  
D_CELLS_JI3V                BUJI3VX16                   symbol               *Stopping View*  
D_CELLS_JI3V                DLY4JI3VX1                  symbol               *Stopping View*  
D_CELLS_JI3V                DFRRQJI3VX2                 symbol               *Stopping View*  
D_CELLS_JI3V                DLY2JI3VX1                  symbol               *Stopping View*  
D_CELLS_JI3V                NA2I1JI3VX2                 symbol               *Stopping View*  
D_CELLS_JI3V                NA2JI3VX2                   symbol               *Stopping View*  
D_CELLS_JI3V                NO2JI3VX2                   symbol               *Stopping View*  
D_CELLS_JI3V                DECAP5JI3V                  symbol               *Stopping View*  
D_CELLS_JI3V                DECAP7JI3V                  symbol               *Stopping View*  
D_CELLS_JI3V                DECAP15JI3V                 symbol               *Stopping View*  
D_CELLS_JI3V                DECAP25JI3V                 symbol               *Stopping View*  
D_CELLS_JI3V                DECAP10JI3V                 symbol               *Stopping View*  
ASKA_DIG2                   DIG_stimulus_tb             schematic                             
ASKA_DIG2                   aska_dig                    schematic                             

---------- End of netlist configuration information   ----------
function ansCdlCompPrim redefined
function ansCdlCompPrim redefined
function ansCdlCompPrim redefined
Initializing the control file using cp:
    cp /home/saul/cadence/installs/IC618/tools.lnx86/dfII/etc/si/control.spectre /home/saul/projects/ASKA_DIGITAL/ASKA_DIG/virtuoso/Sim/ASKA_DIG2/DIG_stimulus_tb/adexl/results/data/Interactive.8/1/ASKA_DIG2:DIG_stimulus_tb:1/netlist/analog/control
Copying Spectre source file 'spectre.inp'
Copying Spectre command file 'spectre.sim'
Running netlist assembly..
........
End netlisting Sep  9 16:24:18 2024
INFO (AMS-1241): AMS UNL netlisting has completed successfully.
To view the modules, right-click the test name on the Tests and Analyses 
assistant pane and choose Netlist->Display menu option.
      ...successful.
create cds_globals...
      ...successful.
compose simulator input file...
      ...successful.

*Info*    Running simulation on testbench [
          ASKA_DIG2:DIG_stimulus_tb:1 ] for Point ID (8 1).

Delete simulation data in /home/saul/projects/ASKA_DIGITAL/ASKA_DIG/virtuoso/Sim/ASKA_DIG2/DIG_stimulus_tb/adexl/results/data/Interactive.8/1/ASKA_DIG2:DIG_stimulus_tb:1/psf.
create cds_globals...
      ...successful.
compose simulator input file...
      ...successful.
validating simulator hierarchy...
      ...successful.
running...
To check for output from compilation, elaboration and simulation run, 
right-click on the test name, result name, or any value in the "Results" 
tab of the Outputs section and choose "Output Log" menu option.
INFO (ADE-3071): Simulation completed successfully.
reading simulation data...
      ...successful.
*Info*    Client has finished evaluating ... 


*Info*    Run complete for Point ID (8 1) on testbench [
          ASKA_DIG2:DIG_stimulus_tb:1 ].





Simulation design variables differ from those on the cellView,
they have been saved in the file "/tmp/saved-design-variables".
To save future changes, copy variables to cellView before exiting.
