============================================================
  Generated by:           Genus(TM) Synthesis Solution 21.18-s082_1
  Generated on:           Jul 15 2024  12:13:22 pm
  Module:                 aska_dig
  Operating conditions:   slow_3_00V_125C (worst_case_tree)
  Wireload mode:          enclosed
  Area mode:              timing library
============================================================

                                   
    Gate      Instances    Area                       Library                   
--------------------------------------------------------------------------------
AN211JI3VX1           3     60.211    D_CELLS_JI3V_LPMOS_MOS3LP_slow_3_00V_125C 
AN21JI3VX1           22    331.162    D_CELLS_JI3V_LPMOS_MOS3LP_slow_3_00V_125C 
AN22JI3VX1           21    368.794    D_CELLS_JI3V_LPMOS_MOS3LP_slow_3_00V_125C 
AN31JI3VX1            2     35.123    D_CELLS_JI3V_LPMOS_MOS3LP_slow_3_00V_125C 
AND2JI3VX0            5     74.764    D_CELLS_JI3V_LPMOS_MOS3LP_slow_3_00V_125C 
AND2JI3VX4            6    150.528    D_CELLS_JI3V_LPMOS_MOS3LP_slow_3_00V_125C 
AO211JI3VX1           1     25.088    D_CELLS_JI3V_LPMOS_MOS3LP_slow_3_00V_125C 
AO21JI3VX1            6    120.422    D_CELLS_JI3V_LPMOS_MOS3LP_slow_3_00V_125C 
AO22JI3VX1           53   1196.698    D_CELLS_JI3V_LPMOS_MOS3LP_slow_3_00V_125C 
BUJI3VX2             14    210.739    D_CELLS_JI3V_LPMOS_MOS3LP_slow_3_00V_125C 
BUJI3VX3             17    298.547    D_CELLS_JI3V_LPMOS_MOS3LP_slow_3_00V_125C 
BUJI3VX6              1     30.106    D_CELLS_JI3V_LPMOS_MOS3LP_slow_3_00V_125C 
DFRRQJI3VX1         324  21946.983    D_CELLS_JI3V_LPMOS_MOS3LP_slow_3_00V_125C 
DFRRQJI3VX2           1     72.755    D_CELLS_JI3V_LPMOS_MOS3LP_slow_3_00V_125C 
DFRRQJI3VX4           1     80.282    D_CELLS_JI3V_LPMOS_MOS3LP_slow_3_00V_125C 
EN2JI3VX0             7    174.916    D_CELLS_JI3V_LPMOS_MOS3LP_slow_3_00V_125C 
EN3JI3VX1             1     47.667    D_CELLS_JI3V_LPMOS_MOS3LP_slow_3_00V_125C 
EO2JI3VX0             6    149.928    D_CELLS_JI3V_LPMOS_MOS3LP_slow_3_00V_125C 
EO3JI3VX1             2     95.334    D_CELLS_JI3V_LPMOS_MOS3LP_slow_3_00V_125C 
FAJI3VX1             18   1174.118    D_CELLS_JI3V_LPMOS_MOS3LP_slow_3_00V_125C 
HAJI3VX1              8    280.986    D_CELLS_JI3V_LPMOS_MOS3LP_slow_3_00V_125C 
INJI3VX0            107    794.625    D_CELLS_JI3V_LPMOS_MOS3LP_slow_3_00V_125C 
INJI3VX12             3    173.107    D_CELLS_JI3V_LPMOS_MOS3LP_slow_3_00V_125C 
INJI3VX2              1     10.035    D_CELLS_JI3V_LPMOS_MOS3LP_slow_3_00V_125C 
NA22JI3VX1           12    210.739    D_CELLS_JI3V_LPMOS_MOS3LP_slow_3_00V_125C 
NA2I1JI3VX1          30    451.584    D_CELLS_JI3V_LPMOS_MOS3LP_slow_3_00V_125C 
NA2JI3VX0           120   1192.224    D_CELLS_JI3V_LPMOS_MOS3LP_slow_3_00V_125C 
NA3I1JI3VX1           7    122.931    D_CELLS_JI3V_LPMOS_MOS3LP_slow_3_00V_125C 
NA3I2JI3VX1           5     87.808    D_CELLS_JI3V_LPMOS_MOS3LP_slow_3_00V_125C 
NA3JI3VX0            19    236.436    D_CELLS_JI3V_LPMOS_MOS3LP_slow_3_00V_125C 
NA4JI3VX0             5     87.308    D_CELLS_JI3V_LPMOS_MOS3LP_slow_3_00V_125C 
NO22JI3VX1            1     20.070    D_CELLS_JI3V_LPMOS_MOS3LP_slow_3_00V_125C 
NO2I1JI3VX1          16    240.845    D_CELLS_JI3V_LPMOS_MOS3LP_slow_3_00V_125C 
NO2JI3VX0            40    401.408    D_CELLS_JI3V_LPMOS_MOS3LP_slow_3_00V_125C 
NO2JI3VX1             1     12.544    D_CELLS_JI3V_LPMOS_MOS3LP_slow_3_00V_125C 
NO3I1JI3VX1           1     20.070    D_CELLS_JI3V_LPMOS_MOS3LP_slow_3_00V_125C 
NO3I2JI3VX1           6    105.370    D_CELLS_JI3V_LPMOS_MOS3LP_slow_3_00V_125C 
NO3JI3VX0             9    134.575    D_CELLS_JI3V_LPMOS_MOS3LP_slow_3_00V_125C 
OA21JI3VX1            2     40.141    D_CELLS_JI3V_LPMOS_MOS3LP_slow_3_00V_125C 
ON211JI3VX1          16    280.986    D_CELLS_JI3V_LPMOS_MOS3LP_slow_3_00V_125C 
ON21JI3VX1           36    541.901    D_CELLS_JI3V_LPMOS_MOS3LP_slow_3_00V_125C 
ON21JI3VX4           32   1204.224    D_CELLS_JI3V_LPMOS_MOS3LP_slow_3_00V_125C 
ON22JI3VX1           17    341.197    D_CELLS_JI3V_LPMOS_MOS3LP_slow_3_00V_125C 
ON31JI3VX1           12    240.845    D_CELLS_JI3V_LPMOS_MOS3LP_slow_3_00V_125C 
OR2JI3VX0            12    179.434    D_CELLS_JI3V_LPMOS_MOS3LP_slow_3_00V_125C 
OR3JI3VX1             3     52.685    D_CELLS_JI3V_LPMOS_MOS3LP_slow_3_00V_125C 
OR4JI3VX1             5    137.984    D_CELLS_JI3V_LPMOS_MOS3LP_slow_3_00V_125C 
SDFRRQJI3VX1        162  14631.322    D_CELLS_JI3V_LPMOS_MOS3LP_slow_3_00V_125C 
--------------------------------------------------------------------------------
total              1199  48877.548                                              


                                          
     Type      Instances    Area   Area % 
------------------------------------------
sequential           488 36731.342   75.1 
inverter             111   977.767    2.0 
buffer                32   539.392    1.1 
logic                568 10629.047   21.7 
physical_cells         0     0.000    0.0 
------------------------------------------
total               1199 48877.548  100.0 

